
2024/10/19 (14:21:49) | ===> btop++ v.1.3.2
2024/10/19 (14:21:49) | WARNING: NVML: Failed to get maximum GPU power draw, defaulting to 225W: Not Supported
2024/10/19 (14:21:49) | WARNING: NVML: Failed to get GPU power usage: Not Supported

2024/10/19 (14:33:04) | ===> btop++ v.1.3.2
2024/10/19 (14:33:04) | WARNING: NVML: Failed to get maximum GPU power draw, defaulting to 225W: Not Supported
2024/10/19 (14:33:04) | WARNING: NVML: Failed to get GPU power usage: Not Supported

2024/10/19 (14:34:12) | ===> btop++ v.1.3.2
2024/10/19 (14:34:12) | WARNING: NVML: Failed to get maximum GPU power draw, defaulting to 225W: Not Supported
2024/10/19 (14:34:12) | WARNING: NVML: Failed to get GPU power usage: Not Supported

2024/10/19 (21:05:57) | ===> btop++ v.1.3.2
2024/10/19 (21:05:57) | WARNING: NVML: Failed to get maximum GPU power draw, defaulting to 225W: Not Supported
2024/10/19 (21:05:57) | WARNING: NVML: Failed to get GPU power usage: Not Supported

2024/10/25 (22:21:23) | ===> btop++ v.1.3.2
2024/10/25 (22:21:23) | WARNING: NVML: Failed to get maximum GPU power draw, defaulting to 225W: Not Supported
2024/10/25 (22:21:23) | WARNING: NVML: Failed to get GPU power usage: Not Supported

2024/10/25 (22:21:27) | ===> btop++ v.1.3.2
2024/10/25 (22:21:27) | WARNING: NVML: Failed to get maximum GPU power draw, defaulting to 225W: Not Supported
2024/10/25 (22:21:27) | WARNING: NVML: Failed to get GPU power usage: Not Supported

2024/10/29 (19:14:38) | ===> btop++ v.1.3.2
2024/10/29 (19:14:38) | ERROR: No tty detected!
btop++ needs an interactive shell to run.

2024/10/29 (19:14:41) | ===> btop++ v.1.3.2
2024/10/29 (19:14:41) | ERROR: No tty detected!
btop++ needs an interactive shell to run.

2024/10/29 (19:15:03) | ===> btop++ v.1.3.2
2024/10/29 (19:15:03) | WARNING: NVML: Failed to get maximum GPU power draw, defaulting to 225W: Not Supported
2024/10/29 (19:15:03) | WARNING: NVML: Failed to get GPU power usage: Not Supported

2024/10/29 (19:15:54) | ===> btop++ v.1.3.2
2024/10/29 (19:15:54) | ERROR: No tty detected!
btop++ needs an interactive shell to run.

2024/10/29 (19:16:20) | ===> btop++ v.1.3.2
2024/10/29 (19:16:20) | ERROR: No tty detected!
btop++ needs an interactive shell to run.

2024/10/29 (19:16:22) | ===> btop++ v.1.3.2
2024/10/29 (19:16:22) | ERROR: No tty detected!
btop++ needs an interactive shell to run.

2024/10/29 (19:16:23) | ===> btop++ v.1.3.2
2024/10/29 (19:16:23) | ERROR: No tty detected!
btop++ needs an interactive shell to run.

2024/10/29 (19:16:27) | ===> btop++ v.1.3.2
2024/10/29 (19:16:27) | ERROR: No tty detected!
btop++ needs an interactive shell to run.

2024/10/29 (19:16:29) | ===> btop++ v.1.3.2
2024/10/29 (19:16:29) | ERROR: No tty detected!
btop++ needs an interactive shell to run.

2024/10/29 (19:19:26) | ===> btop++ v.1.3.2
2024/10/29 (19:19:26) | ERROR: No tty detected!
btop++ needs an interactive shell to run.

2024/10/29 (19:19:45) | ===> btop++ v.1.3.2
2024/10/29 (19:19:45) | ERROR: No tty detected!
btop++ needs an interactive shell to run.

2024/10/29 (19:19:46) | ===> btop++ v.1.3.2
2024/10/29 (19:19:46) | ERROR: No tty detected!
btop++ needs an interactive shell to run.

2024/10/29 (19:21:03) | ===> btop++ v.1.3.2
2024/10/29 (19:21:03) | WARNING: NVML: Failed to get maximum GPU power draw, defaulting to 225W: Not Supported
2024/10/29 (19:21:03) | WARNING: NVML: Failed to get GPU power usage: Not Supported

2024/10/29 (19:25:07) | ===> btop++ v.1.3.2
2024/10/29 (19:25:07) | WARNING: NVML: Failed to get maximum GPU power draw, defaulting to 225W: Not Supported
2024/10/29 (19:25:07) | WARNING: NVML: Failed to get GPU power usage: Not Supported

2024/10/29 (20:30:23) | ===> btop++ v.1.3.2
2024/10/29 (20:30:23) | WARNING: NVML: Failed to get maximum GPU power draw, defaulting to 225W: Not Supported
2024/10/29 (20:30:23) | WARNING: NVML: Failed to get GPU power usage: Not Supported

2024/10/29 (21:52:50) | ===> btop++ v.1.3.2
2024/10/29 (21:52:50) | WARNING: NVML: Failed to get maximum GPU power draw, defaulting to 225W: Not Supported
2024/10/29 (21:52:50) | WARNING: NVML: Failed to get GPU power usage: Not Supported

2024/10/29 (21:52:58) | ===> btop++ v.1.3.2
2024/10/29 (21:52:58) | WARNING: NVML: Failed to get maximum GPU power draw, defaulting to 225W: Not Supported
2024/10/29 (21:52:58) | WARNING: NVML: Failed to get GPU power usage: Not Supported

2024/10/29 (21:53:04) | ===> btop++ v.1.3.2
2024/10/29 (21:53:04) | WARNING: NVML: Failed to get maximum GPU power draw, defaulting to 225W: Not Supported
2024/10/29 (21:53:04) | WARNING: NVML: Failed to get GPU power usage: Not Supported

2024/10/29 (21:53:23) | ===> btop++ v.1.3.2
2024/10/29 (21:53:23) | WARNING: NVML: Failed to get maximum GPU power draw, defaulting to 225W: Not Supported
2024/10/29 (21:53:23) | WARNING: NVML: Failed to get GPU power usage: Not Supported

2024/10/29 (21:53:49) | ===> btop++ v.1.3.2
2024/10/29 (21:53:49) | WARNING: NVML: Failed to get maximum GPU power draw, defaulting to 225W: Not Supported
2024/10/29 (21:53:49) | WARNING: NVML: Failed to get GPU power usage: Not Supported

2024/10/30 (14:43:15) | ===> btop++ v.1.3.2
2024/10/30 (14:43:15) | WARNING: NVML: Failed to get maximum GPU power draw, defaulting to 225W: Not Supported
2024/10/30 (14:43:15) | WARNING: NVML: Failed to get GPU power usage: Not Supported

2024/10/30 (14:43:20) | ===> btop++ v.1.3.2
2024/10/30 (14:43:20) | WARNING: NVML: Failed to get maximum GPU power draw, defaulting to 225W: Not Supported
2024/10/30 (14:43:20) | WARNING: NVML: Failed to get GPU power usage: Not Supported

2024/11/15 (16:09:02) | ===> btop++ v.1.3.2
2024/11/15 (16:09:02) | WARNING: NVML: Failed to get maximum GPU power draw, defaulting to 225W: Not Supported
2024/11/15 (16:09:02) | WARNING: NVML: Failed to get GPU power usage: Not Supported

2024/11/16 (13:52:10) | ===> btop++ v.1.3.2
2024/11/16 (13:52:10) | WARNING: NVML: Failed to get maximum GPU power draw, defaulting to 225W: Not Supported
2024/11/16 (13:52:10) | WARNING: NVML: Failed to get GPU power usage: Not Supported

2024/11/17 (19:24:14) | ===> btop++ v.1.3.2
2024/11/17 (19:24:14) | WARNING: NVML: Failed to get maximum GPU power draw, defaulting to 225W: Not Supported
2024/11/17 (19:24:14) | WARNING: NVML: Failed to get GPU power usage: Not Supported
2024/11/17 (19:27:02) | ERROR: Exception during Config::unlock() : unordered_map::at

2024/11/17 (19:27:08) | ===> btop++ v.1.3.2
2024/11/17 (19:27:08) | WARNING: NVML: Failed to get maximum GPU power draw, defaulting to 225W: Not Supported
2024/11/17 (19:27:08) | WARNING: NVML: Failed to get GPU power usage: Not Supported

2024/11/17 (22:21:36) | ===> btop++ v.1.3.2
2024/11/17 (22:21:36) | ERROR: No tty detected!
btop++ needs an interactive shell to run.

2024/11/17 (22:21:37) | ===> btop++ v.1.3.2
2024/11/17 (22:21:37) | ERROR: No tty detected!
btop++ needs an interactive shell to run.

2024/11/17 (22:21:37) | ===> btop++ v.1.3.2
2024/11/17 (22:21:37) | ERROR: No tty detected!
btop++ needs an interactive shell to run.

2024/11/17 (22:21:37) | ===> btop++ v.1.3.2
2024/11/17 (22:21:37) | ERROR: No tty detected!
btop++ needs an interactive shell to run.

2024/11/17 (22:21:37) | ===> btop++ v.1.3.2
2024/11/17 (22:21:37) | ERROR: No tty detected!
btop++ needs an interactive shell to run.

2024/11/17 (22:21:38) | ===> btop++ v.1.3.2
2024/11/17 (22:21:38) | ERROR: No tty detected!
btop++ needs an interactive shell to run.

2024/11/17 (22:21:38) | ===> btop++ v.1.3.2
2024/11/17 (22:21:38) | ERROR: No tty detected!
btop++ needs an interactive shell to run.

2024/11/17 (22:21:38) | ===> btop++ v.1.3.2
2024/11/17 (22:21:38) | ERROR: No tty detected!
btop++ needs an interactive shell to run.

2024/11/17 (22:21:38) | ===> btop++ v.1.3.2
2024/11/17 (22:21:38) | ERROR: No tty detected!
btop++ needs an interactive shell to run.

2024/11/17 (22:21:38) | ===> btop++ v.1.3.2
2024/11/17 (22:21:38) | ERROR: No tty detected!
btop++ needs an interactive shell to run.

2024/11/17 (22:21:38) | ===> btop++ v.1.3.2
2024/11/17 (22:21:38) | ERROR: No tty detected!
btop++ needs an interactive shell to run.

2024/11/17 (22:21:55) | ===> btop++ v.1.3.2
2024/11/17 (22:21:55) | WARNING: NVML: Failed to get maximum GPU power draw, defaulting to 225W: Not Supported
2024/11/17 (22:21:55) | WARNING: NVML: Failed to get GPU power usage: Not Supported

2024/11/17 (22:23:21) | ===> btop++ v.1.3.2
2024/11/17 (22:23:21) | WARNING: NVML: Failed to get maximum GPU power draw, defaulting to 225W: Not Supported
2024/11/17 (22:23:21) | WARNING: NVML: Failed to get GPU power usage: Not Supported

2024/11/17 (22:23:26) | ===> btop++ v.1.3.2
2024/11/17 (22:23:26) | WARNING: NVML: Failed to get maximum GPU power draw, defaulting to 225W: Not Supported
2024/11/17 (22:23:26) | WARNING: NVML: Failed to get GPU power usage: Not Supported

2024/11/17 (22:24:10) | ===> btop++ v.1.3.2
2024/11/17 (22:24:10) | WARNING: NVML: Failed to get maximum GPU power draw, defaulting to 225W: Not Supported
2024/11/17 (22:24:10) | WARNING: NVML: Failed to get GPU power usage: Not Supported

2024/11/18 (12:39:32) | ===> btop++ v.1.3.2
2024/11/18 (12:39:32) | WARNING: NVML: Failed to get maximum GPU power draw, defaulting to 225W: Not Supported
2024/11/18 (12:39:32) | WARNING: NVML: Failed to get GPU power usage: Not Supported

2024/11/18 (12:39:34) | ===> btop++ v.1.3.2
2024/11/18 (12:39:34) | WARNING: NVML: Failed to get maximum GPU power draw, defaulting to 225W: Not Supported
2024/11/18 (12:39:34) | WARNING: NVML: Failed to get GPU power usage: Not Supported

2024/11/18 (15:07:55) | ===> btop++ v.1.3.2
2024/11/18 (15:07:55) | WARNING: NVML: Failed to get maximum GPU power draw, defaulting to 225W: Not Supported
2024/11/18 (15:07:55) | WARNING: NVML: Failed to get GPU power usage: Not Supported

2024/11/18 (17:28:33) | ===> btop++ v.1.3.2
2024/11/18 (17:28:33) | WARNING: NVML: Failed to get maximum GPU power draw, defaulting to 225W: Not Supported
2024/11/18 (17:28:33) | WARNING: NVML: Failed to get GPU power usage: Not Supported

2024/11/18 (17:28:37) | ===> btop++ v.1.3.2
2024/11/18 (17:28:37) | WARNING: NVML: Failed to get maximum GPU power draw, defaulting to 225W: Not Supported
2024/11/18 (17:28:37) | WARNING: NVML: Failed to get GPU power usage: Not Supported

2024/11/18 (17:30:23) | ===> btop++ v.1.3.2
2024/11/18 (17:30:23) | WARNING: NVML: Failed to get maximum GPU power draw, defaulting to 225W: Not Supported
2024/11/18 (17:30:23) | WARNING: NVML: Failed to get GPU power usage: Not Supported

2024/11/18 (17:30:24) | ===> btop++ v.1.3.2
2024/11/18 (17:30:24) | WARNING: NVML: Failed to get maximum GPU power draw, defaulting to 225W: Not Supported
2024/11/18 (17:30:24) | WARNING: NVML: Failed to get GPU power usage: Not Supported

2024/11/18 (17:30:24) | ===> btop++ v.1.3.2
2024/11/18 (17:30:24) | WARNING: NVML: Failed to get maximum GPU power draw, defaulting to 225W: Not Supported
2024/11/18 (17:30:24) | WARNING: NVML: Failed to get GPU power usage: Not Supported

2024/11/18 (17:30:25) | ===> btop++ v.1.3.2
2024/11/18 (17:30:25) | WARNING: NVML: Failed to get maximum GPU power draw, defaulting to 225W: Not Supported
2024/11/18 (17:30:25) | WARNING: NVML: Failed to get GPU power usage: Not Supported

2024/11/18 (17:30:26) | ===> btop++ v.1.3.2
2024/11/18 (17:30:26) | WARNING: NVML: Failed to get maximum GPU power draw, defaulting to 225W: Not Supported
2024/11/18 (17:30:26) | WARNING: NVML: Failed to get GPU power usage: Not Supported

2024/11/19 (18:30:31) | ===> btop++ v.1.3.2
2024/11/19 (18:30:31) | WARNING: NVML: Failed to get maximum GPU power draw, defaulting to 225W: Not Supported
2024/11/19 (18:30:31) | WARNING: NVML: Failed to get GPU power usage: Not Supported

2024/11/19 (18:37:02) | ===> btop++ v.1.3.2
2024/11/19 (18:37:02) | WARNING: NVML: Failed to get maximum GPU power draw, defaulting to 225W: Not Supported
2024/11/19 (18:37:02) | WARNING: NVML: Failed to get GPU power usage: Not Supported

2024/11/19 (21:01:14) | ===> btop++ v.1.3.2
2024/11/19 (21:01:14) | WARNING: NVML: Failed to get maximum GPU power draw, defaulting to 225W: Not Supported
2024/11/19 (21:01:14) | WARNING: NVML: Failed to get GPU power usage: Not Supported
